<?xml version="1.0" encoding="UTF-8"?>
<testng-results skipped="0" failed="1" total="1" passed="0">
  <reporter-output>
  </reporter-output>
  <suite name="Default suite" duration-ms="98054" started-at="2016-06-13T16:39:59Z" finished-at="2016-06-13T16:41:37Z">
    <groups>
    </groups>
    <test name="Default test" duration-ms="98054" started-at="2016-06-13T16:39:59Z" finished-at="2016-06-13T16:41:37Z">
      <class name="tjmg.pje.Integracao.TestNG.Usuario.ClsTestaIncluirNovoProcesso">
        <test-method status="PASS" signature="inicializa()[pri:0, instance:tjmg.pje.Integracao.TestNG.Usuario.ClsTestaIncluirNovoProcesso@1fdc050]" name="inicializa" is-config="true" duration-ms="4432" started-at="2016-06-13T13:39:59Z" finished-at="2016-06-13T13:40:03Z">
          <reporter-output>
          </reporter-output>
        </test-method> <!-- inicializa -->
        <test-method status="FAIL" signature="mTestaIncluirUmNovoProcesso()[pri:0, instance:tjmg.pje.Integracao.TestNG.Usuario.ClsTestaIncluirNovoProcesso@1fdc050]" name="mTestaIncluirUmNovoProcesso" duration-ms="92760" started-at="2016-06-13T13:40:03Z" finished-at="2016-06-13T13:41:36Z">
          <exception class="org.openqa.selenium.UnhandledAlertException">
            <message>
              <![CDATA[Unexpected modal dialog (text: Erro ao gravar arquivo no storage): Erro ao gravar arquivo no storage
Build info: version: '2.53.0', revision: '35ae25b', time: '2016-03-15 17:00:58'
System info: host: 'GEJUD-536163', ip: '169.254.28.2', os.name: 'Windows 7', os.arch: 'x86', os.version: '6.1', java.version: '1.8.0_91'
Driver info: org.openqa.selenium.firefox.FirefoxDriver
Capabilities [{applicationCacheEnabled=true, rotatable=false, handlesAlerts=true, databaseEnabled=true, version=33.0, platform=WINDOWS, nativeEvents=false, acceptSslCerts=true, webStorageEnabled=true, locationContextEnabled=true, browserName=firefox, takesScreenshot=true, javascriptEnabled=true, cssSelectorsEnabled=true}]
Session ID: f27228dc-ac63-4ccc-a90e-807832065f01
*** Element info: {Using=id, value=informativo_lbl}]]>
            </message>
            <full-stacktrace>
              <![CDATA[org.openqa.selenium.UnhandledAlertException: Unexpected modal dialog (text: Erro ao gravar arquivo no storage): Erro ao gravar arquivo no storage
Build info: version: '2.53.0', revision: '35ae25b', time: '2016-03-15 17:00:58'
System info: host: 'GEJUD-536163', ip: '169.254.28.2', os.name: 'Windows 7', os.arch: 'x86', os.version: '6.1', java.version: '1.8.0_91'
Driver info: org.openqa.selenium.firefox.FirefoxDriver
Capabilities [{applicationCacheEnabled=true, rotatable=false, handlesAlerts=true, databaseEnabled=true, version=33.0, platform=WINDOWS, nativeEvents=false, acceptSslCerts=true, webStorageEnabled=true, locationContextEnabled=true, browserName=firefox, takesScreenshot=true, javascriptEnabled=true, cssSelectorsEnabled=true}]
Session ID: f27228dc-ac63-4ccc-a90e-807832065f01
*** Element info: {Using=id, value=informativo_lbl}
	at sun.reflect.NativeConstructorAccessorImpl.newInstance0(Native Method)
	at sun.reflect.NativeConstructorAccessorImpl.newInstance(Unknown Source)
	at sun.reflect.DelegatingConstructorAccessorImpl.newInstance(Unknown Source)
	at java.lang.reflect.Constructor.newInstance(Unknown Source)
	at org.openqa.selenium.remote.ErrorHandler.createThrowable(ErrorHandler.java:206)
	at org.openqa.selenium.remote.ErrorHandler.createUnhandledAlertException(ErrorHandler.java:187)
	at org.openqa.selenium.remote.ErrorHandler.throwIfResponseFailed(ErrorHandler.java:154)
	at org.openqa.selenium.remote.RemoteWebDriver.execute(RemoteWebDriver.java:678)
	at org.openqa.selenium.remote.RemoteWebDriver.findElement(RemoteWebDriver.java:363)
	at org.openqa.selenium.remote.RemoteWebDriver.findElementById(RemoteWebDriver.java:413)
	at org.openqa.selenium.By$ById.findElement(By.java:218)
	at org.openqa.selenium.remote.RemoteWebDriver.findElement(RemoteWebDriver.java:355)
	at org.openqa.selenium.support.pagefactory.DefaultElementLocator.findElement(DefaultElementLocator.java:69)
	at org.openqa.selenium.support.pagefactory.internal.LocatingElementHandler.invoke(LocatingElementHandler.java:38)
	at com.sun.proxy.$Proxy10.click(Unknown Source)
	at tjmg.pje.Interface.Usuario.WebDriver.ClsPaginaInclusaoDeUmProcesso.BotaoProcesso(ClsPaginaInclusaoDeUmProcesso.java:284)
	at tjmg.pje.Integracao.TestNG.Usuario.ClsTestaIncluirNovoProcesso.mTestaIncluirUmNovoProcesso(ClsTestaIncluirNovoProcesso.java:221)
	at sun.reflect.NativeMethodAccessorImpl.invoke0(Native Method)
	at sun.reflect.NativeMethodAccessorImpl.invoke(Unknown Source)
	at sun.reflect.DelegatingMethodAccessorImpl.invoke(Unknown Source)
	at java.lang.reflect.Method.invoke(Unknown Source)
	at org.testng.internal.MethodInvocationHelper.invokeMethod(MethodInvocationHelper.java:86)
	at org.testng.internal.Invoker.invokeMethod(Invoker.java:646)
	at org.testng.internal.Invoker.invokeTestMethod(Invoker.java:823)
	at org.testng.internal.Invoker.invokeTestMethods(Invoker.java:1131)
	at org.testng.internal.TestMethodWorker.invokeTestMethods(TestMethodWorker.java:129)
	at org.testng.internal.TestMethodWorker.run(TestMethodWorker.java:112)
	at org.testng.TestRunner.privateRun(TestRunner.java:778)
	at org.testng.TestRunner.run(TestRunner.java:632)
	at org.testng.SuiteRunner.runTest(SuiteRunner.java:366)
	at org.testng.SuiteRunner.runSequentially(SuiteRunner.java:361)
	at org.testng.SuiteRunner.privateRun(SuiteRunner.java:319)
	at org.testng.SuiteRunner.run(SuiteRunner.java:268)
	at org.testng.SuiteRunnerWorker.runSuite(SuiteRunnerWorker.java:52)
	at org.testng.SuiteRunnerWorker.run(SuiteRunnerWorker.java:86)
	at org.testng.TestNG.runSuitesSequentially(TestNG.java:1225)
	at org.testng.TestNG.runSuitesLocally(TestNG.java:1150)
	at org.testng.TestNG.runSuites(TestNG.java:1075)
	at org.testng.TestNG.run(TestNG.java:1047)
	at org.testng.remote.AbstractRemoteTestNG.run(AbstractRemoteTestNG.java:126)
	at org.testng.remote.RemoteTestNG.initAndRun(RemoteTestNG.java:137)
	at org.testng.remote.RemoteTestNG.main(RemoteTestNG.java:58)
]]>
            </full-stacktrace>
          </exception> <!-- org.openqa.selenium.UnhandledAlertException -->
          <reporter-output>
          </reporter-output>
        </test-method> <!-- mTestaIncluirUmNovoProcesso -->
        <test-method status="PASS" signature="fecharDriver()[pri:0, instance:tjmg.pje.Integracao.TestNG.Usuario.ClsTestaIncluirNovoProcesso@1fdc050]" name="fecharDriver" is-config="true" duration-ms="624" started-at="2016-06-13T13:41:36Z" finished-at="2016-06-13T13:41:37Z">
          <reporter-output>
          </reporter-output>
        </test-method> <!-- fecharDriver -->
      </class> <!-- tjmg.pje.Integracao.TestNG.Usuario.ClsTestaIncluirNovoProcesso -->
    </test> <!-- Default test -->
  </suite> <!-- Default suite -->
</testng-results>
