<?xml version="1.0" encoding="UTF-8"?>
<testng-results skipped="0" failed="0" total="7" passed="7">
  <reporter-output>
  </reporter-output>
  <suite name="Suite" duration-ms="95" started-at="2016-05-30T18:54:44Z" finished-at="2016-05-30T18:54:44Z">
    <groups>
    </groups>
    <test name="mTestaLoginDoUsuarioNoSistemaComDadosValidos" duration-ms="95" started-at="2016-05-30T18:54:44Z" finished-at="2016-05-30T18:54:44Z">
      <class name="tjmg.pje.Integracao.TestNG.Usuario.ClsTestaMinhaPaginaTestNG">
        <test-method status="PASS" signature="inicializa()[pri:0, instance:tjmg.pje.Integracao.TestNG.Usuario.ClsTestaMinhaPaginaTestNG@2f8f11]" name="inicializa" is-config="true" duration-ms="7" started-at="2016-05-30T15:54:44Z" finished-at="2016-05-30T15:54:44Z">
          <reporter-output>
          </reporter-output>
        </test-method> <!-- inicializa -->
        <test-method status="PASS" signature="mTestaExcecaoDeString()[pri:0, instance:tjmg.pje.Integracao.TestNG.Usuario.ClsTestaMinhaPaginaTestNG@2f8f11]" name="mTestaExcecaoDeString" duration-ms="8" started-at="2016-05-30T15:54:44Z" finished-at="2016-05-30T15:54:44Z">
          <reporter-output>
          </reporter-output>
        </test-method> <!-- mTestaExcecaoDeString -->
        <test-method status="PASS" signature="fecharDriver()[pri:0, instance:tjmg.pje.Integracao.TestNG.Usuario.ClsTestaMinhaPaginaTestNG@2f8f11]" name="fecharDriver" is-config="true" duration-ms="0" started-at="2016-05-30T15:54:44Z" finished-at="2016-05-30T15:54:44Z">
          <reporter-output>
          </reporter-output>
        </test-method> <!-- fecharDriver -->
        <test-method status="PASS" signature="inicializa()[pri:0, instance:tjmg.pje.Integracao.TestNG.Usuario.ClsTestaMinhaPaginaTestNG@2f8f11]" name="inicializa" is-config="true" duration-ms="0" started-at="2016-05-30T15:54:44Z" finished-at="2016-05-30T15:54:44Z">
          <reporter-output>
          </reporter-output>
        </test-method> <!-- inicializa -->
        <test-method status="PASS" signature="mTestaLoginDoUsuarioNoSistemaComDadosValidos(java.lang.String)[pri:0, instance:tjmg.pje.Integracao.TestNG.Usuario.ClsTestaMinhaPaginaTestNG@2f8f11]" name="mTestaLoginDoUsuarioNoSistemaComDadosValidos" duration-ms="11" started-at="2016-05-30T15:54:44Z" finished-at="2016-05-30T15:54:44Z">
          <params>
            <param index="0">
              <value>
                <![CDATA[Wenderson]]>
              </value>
            </param>
          </params>
          <reporter-output>
          </reporter-output>
        </test-method> <!-- mTestaLoginDoUsuarioNoSistemaComDadosValidos -->
        <test-method status="PASS" signature="fecharDriver()[pri:0, instance:tjmg.pje.Integracao.TestNG.Usuario.ClsTestaMinhaPaginaTestNG@2f8f11]" name="fecharDriver" is-config="true" duration-ms="0" started-at="2016-05-30T15:54:44Z" finished-at="2016-05-30T15:54:44Z">
          <reporter-output>
          </reporter-output>
        </test-method> <!-- fecharDriver -->
        <test-method status="PASS" signature="mTestaLoginDoUsuarioNoSistemaNaoValido()[pri:0, instance:tjmg.pje.Integracao.TestNG.Usuario.ClsTestaMinhaPaginaTestNG@2f8f11]" name="mTestaLoginDoUsuarioNoSistemaNaoValido" duration-ms="1" started-at="2016-05-30T15:54:44Z" finished-at="2016-05-30T15:54:44Z">
          <reporter-output>
          </reporter-output>
        </test-method> <!-- mTestaLoginDoUsuarioNoSistemaNaoValido -->
        <test-method status="PASS" signature="inicializa()[pri:0, instance:tjmg.pje.Integracao.TestNG.Usuario.ClsTestaMinhaPaginaTestNG@2f8f11]" name="inicializa" is-config="true" duration-ms="0" started-at="2016-05-30T15:54:44Z" finished-at="2016-05-30T15:54:44Z">
          <reporter-output>
          </reporter-output>
        </test-method> <!-- inicializa -->
        <test-method status="PASS" signature="fecharDriver()[pri:0, instance:tjmg.pje.Integracao.TestNG.Usuario.ClsTestaMinhaPaginaTestNG@2f8f11]" name="fecharDriver" is-config="true" duration-ms="1" started-at="2016-05-30T15:54:44Z" finished-at="2016-05-30T15:54:44Z">
          <reporter-output>
          </reporter-output>
        </test-method> <!-- fecharDriver -->
        <test-method status="PASS" signature="mTestaLoginDoUsuarioNoSistemaSemPassarOsDados()[pri:0, instance:tjmg.pje.Integracao.TestNG.Usuario.ClsTestaMinhaPaginaTestNG@2f8f11]" name="mTestaLoginDoUsuarioNoSistemaSemPassarOsDados" duration-ms="1" started-at="2016-05-30T15:54:44Z" finished-at="2016-05-30T15:54:44Z">
          <reporter-output>
          </reporter-output>
        </test-method> <!-- mTestaLoginDoUsuarioNoSistemaSemPassarOsDados -->
        <test-method status="PASS" signature="inicializa()[pri:0, instance:tjmg.pje.Integracao.TestNG.Usuario.ClsTestaMinhaPaginaTestNG@2f8f11]" name="inicializa" is-config="true" duration-ms="0" started-at="2016-05-30T15:54:44Z" finished-at="2016-05-30T15:54:44Z">
          <reporter-output>
          </reporter-output>
        </test-method> <!-- inicializa -->
        <test-method status="PASS" signature="fecharDriver()[pri:0, instance:tjmg.pje.Integracao.TestNG.Usuario.ClsTestaMinhaPaginaTestNG@2f8f11]" name="fecharDriver" is-config="true" duration-ms="0" started-at="2016-05-30T15:54:44Z" finished-at="2016-05-30T15:54:44Z">
          <reporter-output>
          </reporter-output>
        </test-method> <!-- fecharDriver -->
        <test-method status="PASS" signature="inicializa()[pri:0, instance:tjmg.pje.Integracao.TestNG.Usuario.ClsTestaMinhaPaginaTestNG@2f8f11]" name="inicializa" is-config="true" duration-ms="0" started-at="2016-05-30T15:54:44Z" finished-at="2016-05-30T15:54:44Z">
          <reporter-output>
          </reporter-output>
        </test-method> <!-- inicializa -->
        <test-method status="PASS" signature="mTestaLoginDoUsuarioNoSistemaUsuarioInvalidoSenhaValida()[pri:0, instance:tjmg.pje.Integracao.TestNG.Usuario.ClsTestaMinhaPaginaTestNG@2f8f11]" name="mTestaLoginDoUsuarioNoSistemaUsuarioInvalidoSenhaValida" duration-ms="1" started-at="2016-05-30T15:54:44Z" finished-at="2016-05-30T15:54:44Z">
          <reporter-output>
          </reporter-output>
        </test-method> <!-- mTestaLoginDoUsuarioNoSistemaUsuarioInvalidoSenhaValida -->
        <test-method status="PASS" signature="fecharDriver()[pri:0, instance:tjmg.pje.Integracao.TestNG.Usuario.ClsTestaMinhaPaginaTestNG@2f8f11]" name="fecharDriver" is-config="true" duration-ms="0" started-at="2016-05-30T15:54:44Z" finished-at="2016-05-30T15:54:44Z">
          <reporter-output>
          </reporter-output>
        </test-method> <!-- fecharDriver -->
        <test-method status="PASS" signature="inicializa()[pri:0, instance:tjmg.pje.Integracao.TestNG.Usuario.ClsTestaMinhaPaginaTestNG@2f8f11]" name="inicializa" is-config="true" duration-ms="1" started-at="2016-05-30T15:54:44Z" finished-at="2016-05-30T15:54:44Z">
          <reporter-output>
          </reporter-output>
        </test-method> <!-- inicializa -->
        <test-method status="PASS" signature="mTestaLoginDoUsuarioNoSistemaUsuarioValidoSenhaInvalida()[pri:0, instance:tjmg.pje.Integracao.TestNG.Usuario.ClsTestaMinhaPaginaTestNG@2f8f11]" name="mTestaLoginDoUsuarioNoSistemaUsuarioValidoSenhaInvalida" duration-ms="2" started-at="2016-05-30T15:54:44Z" finished-at="2016-05-30T15:54:44Z">
          <reporter-output>
          </reporter-output>
        </test-method> <!-- mTestaLoginDoUsuarioNoSistemaUsuarioValidoSenhaInvalida -->
        <test-method status="PASS" signature="fecharDriver()[pri:0, instance:tjmg.pje.Integracao.TestNG.Usuario.ClsTestaMinhaPaginaTestNG@2f8f11]" name="fecharDriver" is-config="true" duration-ms="0" started-at="2016-05-30T15:54:44Z" finished-at="2016-05-30T15:54:44Z">
          <reporter-output>
          </reporter-output>
        </test-method> <!-- fecharDriver -->
      </class> <!-- tjmg.pje.Integracao.TestNG.Usuario.ClsTestaMinhaPaginaTestNG -->
      <class name="tjmg.pje.Integracao.TestNG.Usuario.ClsTestaPesquisaDeProcessoNoSistema">
        <test-method status="PASS" signature="inicializa()[pri:0, instance:tjmg.pje.Integracao.TestNG.Usuario.ClsTestaPesquisaDeProcessoNoSistema@193948d]" name="inicializa" is-config="true" duration-ms="18" started-at="2016-05-30T15:54:44Z" finished-at="2016-05-30T15:54:44Z">
          <reporter-output>
          </reporter-output>
        </test-method> <!-- inicializa -->
        <test-method status="PASS" signature="mTestaPesquisaDeProcessoNoSistemaComDadosValidos(java.lang.String)[pri:0, instance:tjmg.pje.Integracao.TestNG.Usuario.ClsTestaPesquisaDeProcessoNoSistema@193948d]" name="mTestaPesquisaDeProcessoNoSistemaComDadosValidos" duration-ms="7" started-at="2016-05-30T15:54:44Z" finished-at="2016-05-30T15:54:44Z">
          <params>
            <param index="0">
              <value>
                <![CDATA[50490547620168130025]]>
              </value>
            </param>
          </params>
          <reporter-output>
          </reporter-output>
        </test-method> <!-- mTestaPesquisaDeProcessoNoSistemaComDadosValidos -->
      </class> <!-- tjmg.pje.Integracao.TestNG.Usuario.ClsTestaPesquisaDeProcessoNoSistema -->
    </test> <!-- mTestaLoginDoUsuarioNoSistemaComDadosValidos -->
  </suite> <!-- Suite -->
</testng-results>
