<?xml version="1.0" encoding="UTF-8"?>
<testng-results skipped="1" failed="0" total="1" passed="0">
  <reporter-output>
  </reporter-output>
  <suite name="Default suite" duration-ms="230" started-at="2016-04-22T13:37:40Z" finished-at="2016-04-22T13:37:41Z">
    <groups>
    </groups>
    <test name="Default test" duration-ms="230" started-at="2016-04-22T13:37:40Z" finished-at="2016-04-22T13:37:41Z">
      <class name="br.com.testcase.Page.ClsTestCaseLogin">
        <test-method status="SKIP" signature="mTestaLoginContaGmail()[pri:0, instance:br.com.testcase.Page.ClsTestCaseLogin@c7a4e4]" name="mTestaLoginContaGmail" duration-ms="0" started-at="2016-04-22T10:37:40Z" data-provider="emails" finished-at="2016-04-22T10:37:40Z">
          <exception class="org.testng.TestNGException">
            <message>
              <![CDATA[
Data Provider public static java.util.Collection br.com.testcase.Page.ClsTestCaseLogin.Dados() must return either Object[][] or Iterator<Object>[], not interface java.util.Collection]]>
            </message>
            <full-stacktrace>
              <![CDATA[org.testng.TestNGException: 
Data Provider public static java.util.Collection br.com.testcase.Page.ClsTestCaseLogin.Dados() must return either Object[][] or Iterator<Object>[], not interface java.util.Collection
	at org.testng.internal.MethodInvocationHelper.invokeDataProvider(MethodInvocationHelper.java:157)
	at org.testng.internal.Parameters.handleParameters(Parameters.java:430)
	at org.testng.internal.Invoker.handleParameters(Invoker.java:1243)
	at org.testng.internal.Invoker.createParameters(Invoker.java:992)
	at org.testng.internal.Invoker.invokeTestMethods(Invoker.java:1082)
	at org.testng.internal.TestMethodWorker.invokeTestMethods(TestMethodWorker.java:129)
	at org.testng.internal.TestMethodWorker.run(TestMethodWorker.java:112)
	at org.testng.TestRunner.privateRun(TestRunner.java:778)
	at org.testng.TestRunner.run(TestRunner.java:632)
	at org.testng.SuiteRunner.runTest(SuiteRunner.java:366)
	at org.testng.SuiteRunner.runSequentially(SuiteRunner.java:361)
	at org.testng.SuiteRunner.privateRun(SuiteRunner.java:319)
	at org.testng.SuiteRunner.run(SuiteRunner.java:268)
	at org.testng.SuiteRunnerWorker.runSuite(SuiteRunnerWorker.java:52)
	at org.testng.SuiteRunnerWorker.run(SuiteRunnerWorker.java:86)
	at org.testng.TestNG.runSuitesSequentially(TestNG.java:1225)
	at org.testng.TestNG.runSuitesLocally(TestNG.java:1150)
	at org.testng.TestNG.runSuites(TestNG.java:1075)
	at org.testng.TestNG.run(TestNG.java:1047)
	at org.testng.remote.AbstractRemoteTestNG.run(AbstractRemoteTestNG.java:126)
	at org.testng.remote.RemoteTestNG.initAndRun(RemoteTestNG.java:137)
	at org.testng.remote.RemoteTestNG.main(RemoteTestNG.java:58)
]]>
            </full-stacktrace>
          </exception> <!-- org.testng.TestNGException -->
          <reporter-output>
          </reporter-output>
        </test-method> <!-- mTestaLoginContaGmail -->
      </class> <!-- br.com.testcase.Page.ClsTestCaseLogin -->
    </test> <!-- Default test -->
  </suite> <!-- Default suite -->
</testng-results>
