<?xml version="1.0" encoding="UTF-8"?>
<!-- Generated by org.testng.reporters.JUnitXMLReporter -->
<testsuite hostname="DUCARMOPC" name="Teste na Terceira maquina" tests="1" failures="0" timestamp="24 Apr 2016 00:24:44 GMT" time="10.932" errors="0">
  <testcase name="testeEnviarNomeDaContaDoGmail" time="0.0" classname="br.com.seleniumgridewebdrivertestcase.ClsTestaPaginaDeLoginGmail">
    <skipped/>
  </testcase> <!-- testeEnviarNomeDaContaDoGmail -->
</testsuite> <!-- Teste na Terceira maquina -->
