<?xml version="1.0" encoding="UTF-8"?>
<!-- Generated by org.testng.reporters.JUnitXMLReporter -->
<testsuite hostname="DUCARMOPC" name="Teste na primeira maquina" tests="5" failures="1" timestamp="24 Apr 2016 00:24:39 GMT" time="20.315" errors="0">
  <testcase name="testeCalcularConversorTemperatura" time="2.68" classname="br.com.seleniumgridewebdrivertestcase.ClsTestaPaginaDeConversorDeTemperatura">
    <failure type="java.lang.NullPointerException">
      <![CDATA[java.lang.NullPointerException
	at br.com.seleniumgridewebdriverpaginaweb.ClsPaginaDeConversorDeTemperatura.<init>(ClsPaginaDeConversorDeTemperatura.java:50)
	at br.com.seleniumgridewebdriverpaginaweb.ClsPaginaDeInicio.irParaPaginaConversorTemperatura(ClsPaginaDeInicio.java:46)
	at br.com.seleniumgridewebdrivertestcase.ClsTestaPaginaDeConversorDeTemperatura.testeCalcularConversorTemperatura(ClsTestaPaginaDeConversorDeTemperatura.java:67)
	at java.util.concurrent.FutureTask.run(Unknown Source)
	at java.util.concurrent.ThreadPoolExecutor.runWorker(Unknown Source)
	at java.util.concurrent.ThreadPoolExecutor$Worker.run(Unknown Source)
	at java.lang.Thread.run(Unknown Source)
... Removed 16 stack frames]]>
    </failure>
  </testcase> <!-- testeCalcularConversorTemperatura -->
  <testcase name="testeCelsiusParaCelsius" time="0.0" classname="br.com.seleniumgridewebdrivertestcase.ClsTestaPaginaDeConversorDeTemperatura">
    <skipped/>
  </testcase> <!-- testeCelsiusParaCelsius -->
  <testcase name="testeCelsiusParaFahrenheit" time="0.0" classname="br.com.seleniumgridewebdrivertestcase.ClsTestaPaginaDeConversorDeTemperatura">
    <skipped/>
  </testcase> <!-- testeCelsiusParaFahrenheit -->
  <testcase name="testeFahrenheitParaCelsius" time="0.0" classname="br.com.seleniumgridewebdrivertestcase.ClsTestaPaginaDeConversorDeTemperatura">
    <skipped/>
  </testcase> <!-- testeFahrenheitParaCelsius -->
  <testcase name="testeFahrenheitParafahrenheit" time="0.0" classname="br.com.seleniumgridewebdrivertestcase.ClsTestaPaginaDeConversorDeTemperatura">
    <skipped/>
  </testcase> <!-- testeFahrenheitParafahrenheit -->
</testsuite> <!-- Teste na primeira maquina -->
