<?xml version="1.0" encoding="UTF-8"?>
<!-- Generated by org.testng.reporters.JUnitXMLReporter -->
<testsuite hostname="DUCARMOPC" name="Teste na primeira máquina" tests="5" failures="0" timestamp="23 Apr 2016 19:22:44 GMT" time="0.094" errors="0">
  <testcase name="@BeforeClass inicializarDriver" time="0.0" classname="br.com.seleniumgridewebdrivertestcase.ClsTestaPaginaDeConversorDeTemperatura">
    <failure type="java.lang.IllegalStateException" message="The path to the driver executable must be set by the webdriver.chrome.driver system property; for more information, see https://github.com/SeleniumHQ/selenium/wiki/ChromeDriver. The latest version can be downloaded from http://chromedriver.storage.googleapis.com/index.html">
      <![CDATA[java.lang.IllegalStateException: The path to the driver executable must be set by the webdriver.chrome.driver system property; for more information, see https://github.com/SeleniumHQ/selenium/wiki/ChromeDriver. The latest version can be downloaded from http://chromedriver.storage.googleapis.com/index.html
	at com.google.common.base.Preconditions.checkState(Preconditions.java:199)
	at org.openqa.selenium.remote.service.DriverService.findExecutable(DriverService.java:109)
	at org.openqa.selenium.chrome.ChromeDriverService.access$000(ChromeDriverService.java:32)
	at org.openqa.selenium.chrome.ChromeDriverService$Builder.findDefaultExecutable(ChromeDriverService.java:137)
	at org.openqa.selenium.remote.service.DriverService$Builder.build(DriverService.java:296)
	at org.openqa.selenium.chrome.ChromeDriverService.createDefaultService(ChromeDriverService.java:88)
	at org.openqa.selenium.chrome.ChromeDriver.<init>(ChromeDriver.java:138)
	at br.com.seleniumgridewebdriver.ClsEnumTipoDriver$2.obterObjetoWebDriver(ClsEnumTipoDriver.java:73)
	at br.com.seleniumgridewebdrivertestcase.ClsTestaPaginaDeConversorDeTemperatura.inicializarDriver(ClsTestaPaginaDeConversorDeTemperatura.java:44)
	at java.util.concurrent.FutureTask.run(Unknown Source)
	at java.util.concurrent.ThreadPoolExecutor.runWorker(Unknown Source)
	at java.util.concurrent.ThreadPoolExecutor$Worker.run(Unknown Source)
	at java.lang.Thread.run(Unknown Source)
... Removed 16 stack frames]]>
    </failure>
  </testcase> <!-- @BeforeClass inicializarDriver -->
  <testcase name="@AfterClass fecharDriver" time="0.0" classname="br.com.seleniumgridewebdrivertestcase.ClsTestaPaginaDeConversorDeTemperatura">
    <skipped/>
  </testcase> <!-- @AfterClass fecharDriver -->
  <testcase name="testeCalcularConversorTemperatura" time="0.0" classname="br.com.seleniumgridewebdrivertestcase.ClsTestaPaginaDeConversorDeTemperatura">
    <skipped/>
  </testcase> <!-- testeCalcularConversorTemperatura -->
  <testcase name="testeCelsiusParaCelsius" time="0.0" classname="br.com.seleniumgridewebdrivertestcase.ClsTestaPaginaDeConversorDeTemperatura">
    <skipped/>
  </testcase> <!-- testeCelsiusParaCelsius -->
  <testcase name="testeCelsiusParaFahrenheit" time="0.0" classname="br.com.seleniumgridewebdrivertestcase.ClsTestaPaginaDeConversorDeTemperatura">
    <skipped/>
  </testcase> <!-- testeCelsiusParaFahrenheit -->
  <testcase name="testeFahrenheitParaCelsius" time="0.0" classname="br.com.seleniumgridewebdrivertestcase.ClsTestaPaginaDeConversorDeTemperatura">
    <skipped/>
  </testcase> <!-- testeFahrenheitParaCelsius -->
  <testcase name="testeFahrenheitParafahrenheit" time="0.0" classname="br.com.seleniumgridewebdrivertestcase.ClsTestaPaginaDeConversorDeTemperatura">
    <skipped/>
  </testcase> <!-- testeFahrenheitParafahrenheit -->
</testsuite> <!-- Teste na primeira máquina -->
