<?xml version="1.0" encoding="UTF-8"?>
<testng-results skipped="1" failed="0" total="1" passed="0">
  <reporter-output>
  </reporter-output>
  <suite name="Default suite" duration-ms="37267" started-at="2016-05-10T00:02:42Z" finished-at="2016-05-10T00:03:19Z">
    <groups>
    </groups>
    <test name="Default test" duration-ms="37267" started-at="2016-05-10T00:02:42Z" finished-at="2016-05-10T00:03:19Z">
      <class name="br.com.seleniumgridewebdrivertestcase.ClsTestaPaginaInicialPjeLogin">
        <test-method status="FAIL" signature="inicializarDriver()[pri:0, instance:br.com.seleniumgridewebdrivertestcase.ClsTestaPaginaInicialPjeLogin@23a2f9]" name="inicializarDriver" is-config="true" duration-ms="0" started-at="2016-05-09T21:02:42Z" finished-at="2016-05-09T21:02:42Z">
          <exception class="java.lang.IllegalStateException">
            <message>
              <![CDATA[The path to the driver executable must be set by the webdriver.chrome.driver system property; for more information, see https://github.com/SeleniumHQ/selenium/wiki/ChromeDriver. The latest version can be downloaded from http://chromedriver.storage.googleapis.com/index.html]]>
            </message>
            <full-stacktrace>
              <![CDATA[java.lang.IllegalStateException: The path to the driver executable must be set by the webdriver.chrome.driver system property; for more information, see https://github.com/SeleniumHQ/selenium/wiki/ChromeDriver. The latest version can be downloaded from http://chromedriver.storage.googleapis.com/index.html
	at com.google.common.base.Preconditions.checkState(Preconditions.java:199)
	at org.openqa.selenium.remote.service.DriverService.findExecutable(DriverService.java:109)
	at org.openqa.selenium.chrome.ChromeDriverService.access$000(ChromeDriverService.java:32)
	at org.openqa.selenium.chrome.ChromeDriverService$Builder.findDefaultExecutable(ChromeDriverService.java:137)
	at org.openqa.selenium.remote.service.DriverService$Builder.build(DriverService.java:296)
	at org.openqa.selenium.chrome.ChromeDriverService.createDefaultService(ChromeDriverService.java:88)
	at org.openqa.selenium.chrome.ChromeDriver.<init>(ChromeDriver.java:116)
	at br.com.seleniumgridewebdriver.ClsEnumTipoDriver$2.obterCapacidadesDesejadas(ClsEnumTipoDriver.java:58)
	at br.com.seleniumgridewebdrivertestcase.ClsTestaPaginaInicialPjeLogin.inicializarDriver(ClsTestaPaginaInicialPjeLogin.java:38)
	at sun.reflect.NativeMethodAccessorImpl.invoke0(Native Method)
	at sun.reflect.NativeMethodAccessorImpl.invoke(Unknown Source)
	at sun.reflect.DelegatingMethodAccessorImpl.invoke(Unknown Source)
	at java.lang.reflect.Method.invoke(Unknown Source)
	at org.testng.internal.MethodInvocationHelper.invokeMethod(MethodInvocationHelper.java:86)
	at org.testng.internal.Invoker.invokeConfigurationMethod(Invoker.java:514)
	at org.testng.internal.Invoker.invokeConfigurations(Invoker.java:215)
	at org.testng.internal.Invoker.invokeConfigurations(Invoker.java:142)
	at org.testng.internal.TestMethodWorker.invokeBeforeClassMethods(TestMethodWorker.java:178)
	at org.testng.internal.TestMethodWorker.run(TestMethodWorker.java:108)
	at org.testng.TestRunner.privateRun(TestRunner.java:782)
	at org.testng.TestRunner.run(TestRunner.java:632)
	at org.testng.SuiteRunner.runTest(SuiteRunner.java:366)
	at org.testng.SuiteRunner.runSequentially(SuiteRunner.java:361)
	at org.testng.SuiteRunner.privateRun(SuiteRunner.java:319)
	at org.testng.SuiteRunner.run(SuiteRunner.java:268)
	at org.testng.SuiteRunnerWorker.runSuite(SuiteRunnerWorker.java:52)
	at org.testng.SuiteRunnerWorker.run(SuiteRunnerWorker.java:86)
	at org.testng.TestNG.runSuitesSequentially(TestNG.java:1244)
	at org.testng.TestNG.runSuitesLocally(TestNG.java:1169)
	at org.testng.TestNG.run(TestNG.java:1064)
	at org.testng.remote.AbstractRemoteTestNG.run(AbstractRemoteTestNG.java:126)
	at org.testng.remote.RemoteTestNG.initAndRun(RemoteTestNG.java:137)
	at org.testng.remote.RemoteTestNG.main(RemoteTestNG.java:58)
]]>
            </full-stacktrace>
          </exception> <!-- java.lang.IllegalStateException -->
          <reporter-output>
          </reporter-output>
        </test-method> <!-- inicializarDriver -->
        <test-method status="SKIP" signature="mTestaLoginaDeUsuariosPje()[pri:0, instance:br.com.seleniumgridewebdrivertestcase.ClsTestaPaginaInicialPjeLogin@23a2f9]" name="mTestaLoginaDeUsuariosPje" duration-ms="15" started-at="2016-05-09T21:03:19Z" finished-at="2016-05-09T21:03:19Z">
          <reporter-output>
          </reporter-output>
        </test-method> <!-- mTestaLoginaDeUsuariosPje -->
      </class> <!-- br.com.seleniumgridewebdrivertestcase.ClsTestaPaginaInicialPjeLogin -->
    </test> <!-- Default test -->
  </suite> <!-- Default suite -->
</testng-results>
