<?xml version="1.0" encoding="UTF-8"?>
<!-- Generated by org.testng.reporters.JUnitXMLReporter -->
<testsuite hostname="GEJUD-536163" name="mTestaLoginDoUsuarioNoSistemaComDadosValidos" tests="7" failures="0" timestamp="20 May 2016 16:26:20 GMT" time="0.069" errors="0">
  <testcase name="mTestaExcecaoDeString" time="0.008" classname="tjmg.pje.Integracao.TestNG.Usuario.ClsTestaMinhaPaginaTestNG"/>
  <testcase name="mTestaLoginDoUsuarioNoSistemaComDadosValidos" time="0.012" classname="tjmg.pje.Integracao.TestNG.Usuario.ClsTestaMinhaPaginaTestNG"/>
  <testcase name="mTestaLoginDoUsuarioNoSistemaNaoValido" time="0.001" classname="tjmg.pje.Integracao.TestNG.Usuario.ClsTestaMinhaPaginaTestNG"/>
  <testcase name="mTestaLoginDoUsuarioNoSistemaSemPassarOsDados" time="0.001" classname="tjmg.pje.Integracao.TestNG.Usuario.ClsTestaMinhaPaginaTestNG"/>
  <testcase name="mTestaLoginDoUsuarioNoSistemaUsuarioInvalidoSenhaValida" time="0.001" classname="tjmg.pje.Integracao.TestNG.Usuario.ClsTestaMinhaPaginaTestNG"/>
  <testcase name="mTestaLoginDoUsuarioNoSistemaUsuarioValidoSenhaInvalida" time="0.001" classname="tjmg.pje.Integracao.TestNG.Usuario.ClsTestaMinhaPaginaTestNG"/>
  <testcase name="mTestaPesquisaDeProcessoNoSistemaComDadosValidos" time="0.002" classname="tjmg.pje.Integracao.TestNG.Usuario.ClsTestaPesquisaDeProcessoNoSistema"/>
</testsuite> <!-- mTestaLoginDoUsuarioNoSistemaComDadosValidos -->
