<?xml version="1.0" encoding="UTF-8"?>
<!-- Generated by org.testng.reporters.JUnitXMLReporter -->
<testsuite hostname="GEJUD-536163" name="Testa Fluxo por Perfil" tests="9" failures="0" timestamp="4 May 2016 13:55:06 GMT" time="54.559" errors="0">
  <testcase name="mTestaLoginNoSistemaPJEAssessor" time="13.829" classname="br.com.tjmg.pje.TestCases.ClsTestaPaginaDeLoginPJE"/>
  <testcase name="mTestaLoginNoSistemaPJEPerfilAdvogado" time="6.208" classname="br.com.tjmg.pje.TestCases.ClsTestaPaginaDeLoginPJE"/>
  <testcase name="mTestaLoginNoSistemaPJEPerfilMagistrado" time="12.002" classname="br.com.tjmg.pje.TestCases.ClsTestaPaginaDeLoginPJE"/>
  <testcase name="mTestaLoginNoSistemaPJEPerfilPublico" time="6.279" classname="br.com.tjmg.pje.TestCases.ClsTestaPaginaDeLoginPJE"/>
  <testcase name="mTestaLoginNoSistemaPJEPerfilSecretaria" time="12.305" classname="br.com.tjmg.pje.TestCases.ClsTestaPaginaDeLoginPJE"/>
  <testcase name="mTestaAtividadesDeAssinarDocumentosPendentes" time="0.001" classname="br.com.tjmg.pje.TestCases.ClsTestaOpcaoDoMenuAtividades"/>
  <testcase name="mTestaProcessoRotinaDeIncluirUmNovoProcesso" time="0.002" classname="br.com.tjmg.pje.TestCases.ClsTestaOpcaoDoMenuProcesso"/>
  <testcase name="mTestaProcessoRotinaDeIncluirUmNovoProcessoIncidental" time="0.002" classname="br.com.tjmg.pje.TestCases.ClsTestaOpcaoDoMenuProcesso"/>
  <testcase name="mTestaProcessoRotinaDeProcessoNaoProtocolado" time="0.002" classname="br.com.tjmg.pje.TestCases.ClsTestaOpcaoDoMenuProcesso"/>
</testsuite> <!-- Testa Fluxo por Perfil -->
