<?xml version="1.0" encoding="UTF-8"?>
<!-- Generated by org.testng.reporters.JUnitXMLReporter -->
<testsuite hostname="GEJUD-536163" name="Testa Logins por Perfil" tests="5" failures="0" timestamp="3 May 2016 20:51:01 GMT" time="63.09" errors="0">
  <testcase name="testeLoginNoSistemaPJEAssessor" time="12.962" classname="br.com.tjmg.pje.TestCases.ClsTestaPaginaDeLoginPJE"/>
  <testcase name="testeLoginNoSistemaPJEPerfilAdvogado" time="12.774" classname="br.com.tjmg.pje.TestCases.ClsTestaPaginaDeLoginPJE"/>
  <testcase name="testeLoginNoSistemaPJEPerfilMagistrado" time="14.411" classname="br.com.tjmg.pje.TestCases.ClsTestaPaginaDeLoginPJE"/>
  <testcase name="testeLoginNoSistemaPJEPerfilPublico" time="6.925" classname="br.com.tjmg.pje.TestCases.ClsTestaPaginaDeLoginPJE"/>
  <testcase name="testeLoginNoSistemaPJEPerfilSecretaria" time="12.097" classname="br.com.tjmg.pje.TestCases.ClsTestaPaginaDeLoginPJE"/>
</testsuite> <!-- Testa Logins por Perfil -->
